This is pdfTeX, Version 3.14159265-2.6-1.40.18 (MiKTeX 2.9.6500 64-bit) (preloaded format=pdflatex 2018.2.11)  16 NOV 2018 14:46
entering extended mode
**./document.tex
(document.tex
LaTeX2e <2017-04-15>
Babel <3.15> and hyphenation patterns for 75 language(s) loaded.
("C:\Program Files\MiKTeX 2.9\tex\latex\base\article.cls"
Document Class: article 2014/09/29 v1.4h Standard LaTeX document class
("C:\Program Files\MiKTeX 2.9\tex\latex\base\size10.clo"
File: size10.clo 2014/09/29 v1.4h Standard LaTeX file (size option)
)
\c@part=\count79
\c@section=\count80
\c@subsection=\count81
\c@subsubsection=\count82
\c@paragraph=\count83
\c@subparagraph=\count84
\c@figure=\count85
\c@table=\count86
\abovecaptionskip=\skip41
\belowcaptionskip=\skip42
\bibindent=\dimen102
)
("C:\Program Files\MiKTeX 2.9\tex\latex\fancyhdr\fancyhdr.sty"
Package: fancyhdr 2017/06/30 v3.9a Extensive control of page headers and footer
s
\f@nch@headwidth=\skip43
\f@nch@O@elh=\skip44
\f@nch@O@erh=\skip45
\f@nch@O@olh=\skip46
\f@nch@O@orh=\skip47
\f@nch@O@elf=\skip48
\f@nch@O@erf=\skip49
\f@nch@O@olf=\skip50
\f@nch@O@orf=\skip51
)
("C:\Program Files\MiKTeX 2.9\tex\latex\booktabs\booktabs.sty"
Package: booktabs 2005/04/14 v1.61803 publication quality tables
\heavyrulewidth=\dimen103
\lightrulewidth=\dimen104
\cmidrulewidth=\dimen105
\belowrulesep=\dimen106
\belowbottomsep=\dimen107
\aboverulesep=\dimen108
\abovetopsep=\dimen109
\cmidrulesep=\dimen110
\cmidrulekern=\dimen111
\defaultaddspace=\dimen112
\@cmidla=\count87
\@cmidlb=\count88
\@aboverulesep=\dimen113
\@belowrulesep=\dimen114
\@thisruleclass=\count89
\@lastruleclass=\count90
\@thisrulewidth=\dimen115
)
("C:\Program Files\MiKTeX 2.9\tex\latex\amsmath\amsmath.sty"
Package: amsmath 2017/09/02 v2.17a AMS math features
\@mathmargin=\skip52

For additional information on amsmath, use the `?' option.
("C:\Program Files\MiKTeX 2.9\tex\latex\amsmath\amstext.sty"
Package: amstext 2000/06/29 v2.01 AMS text

("C:\Program Files\MiKTeX 2.9\tex\latex\amsmath\amsgen.sty"
File: amsgen.sty 1999/11/30 v2.0 generic functions
\@emptytoks=\toks14
\ex@=\dimen116
))
("C:\Program Files\MiKTeX 2.9\tex\latex\amsmath\amsbsy.sty"
Package: amsbsy 1999/11/29 v1.2d Bold Symbols
\pmbraise@=\dimen117
)
("C:\Program Files\MiKTeX 2.9\tex\latex\amsmath\amsopn.sty"
Package: amsopn 2016/03/08 v2.02 operator names
)
\inf@bad=\count91
LaTeX Info: Redefining \frac on input line 213.
\uproot@=\count92
\leftroot@=\count93
LaTeX Info: Redefining \overline on input line 375.
\classnum@=\count94
\DOTSCASE@=\count95
LaTeX Info: Redefining \ldots on input line 472.
LaTeX Info: Redefining \dots on input line 475.
LaTeX Info: Redefining \cdots on input line 596.
\Mathstrutbox@=\box26
\strutbox@=\box27
\big@size=\dimen118
LaTeX Font Info:    Redeclaring font encoding OML on input line 712.
LaTeX Font Info:    Redeclaring font encoding OMS on input line 713.
\macc@depth=\count96
\c@MaxMatrixCols=\count97
\dotsspace@=\muskip10
\c@parentequation=\count98
\dspbrk@lvl=\count99
\tag@help=\toks15
\row@=\count100
\column@=\count101
\maxfields@=\count102
\andhelp@=\toks16
\eqnshift@=\dimen119
\alignsep@=\dimen120
\tagshift@=\dimen121
\tagwidth@=\dimen122
\totwidth@=\dimen123
\lineht@=\dimen124
\@envbody=\toks17
\multlinegap=\skip53
\multlinetaggap=\skip54
\mathdisplay@stack=\toks18
LaTeX Info: Redefining \[ on input line 2817.
LaTeX Info: Redefining \] on input line 2818.
)
("C:\Program Files\MiKTeX 2.9\tex\latex\float\float.sty"
Package: float 2001/11/08 v1.3d Float enhancements (AL)
\c@float@type=\count103
\float@exts=\toks19
\float@box=\box28
\@float@everytoks=\toks20
\@floatcapt=\box29
)
("C:\Program Files\MiKTeX 2.9\tex\latex\graphics\graphicx.sty"
Package: graphicx 2017/06/01 v1.1a Enhanced LaTeX Graphics (DPC,SPQR)

("C:\Program Files\MiKTeX 2.9\tex\latex\graphics\keyval.sty"
Package: keyval 2014/10/28 v1.15 key=value parser (DPC)
\KV@toks@=\toks21
)
("C:\Program Files\MiKTeX 2.9\tex\latex\graphics\graphics.sty"
Package: graphics 2017/06/25 v1.2c Standard LaTeX Graphics (DPC,SPQR)

("C:\Program Files\MiKTeX 2.9\tex\latex\graphics\trig.sty"
Package: trig 2016/01/03 v1.10 sin cos tan (DPC)
)
("C:\Program Files\MiKTeX 2.9\tex\latex\graphics-cfg\graphics.cfg"
File: graphics.cfg 2016/06/04 v1.11 sample graphics configuration
)
Package graphics Info: Driver file: pdftex.def on input line 99.

("C:\Program Files\MiKTeX 2.9\tex\latex\graphics-def\pdftex.def"
File: pdftex.def 2017/06/24 v1.0g Graphics/color driver for pdftex
))
\Gin@req@height=\dimen125
\Gin@req@width=\dimen126
)
("C:\Program Files\MiKTeX 2.9\tex\latex\tools\indentfirst.sty"
Package: indentfirst 1995/11/23 v1.03 Indent first paragraph (DPC)
)
("C:\Program Files\MiKTeX 2.9\tex\latex\geometry\geometry.sty"
Package: geometry 2010/09/12 v5.6 Page Geometry

("C:\Program Files\MiKTeX 2.9\tex\generic\oberdiek\ifpdf.sty"
Package: ifpdf 2017/03/15 v3.2 Provides the ifpdf switch
)
("C:\Program Files\MiKTeX 2.9\tex\generic\oberdiek\ifvtex.sty"
Package: ifvtex 2016/05/16 v1.6 Detect VTeX and its facilities (HO)
Package ifvtex Info: VTeX not detected.
)
("C:\Program Files\MiKTeX 2.9\tex\generic\ifxetex\ifxetex.sty"
Package: ifxetex 2010/09/12 v0.6 Provides ifxetex conditional
)
\Gm@cnth=\count104
\Gm@cntv=\count105
\c@Gm@tempcnt=\count106
\Gm@bindingoffset=\dimen127
\Gm@wd@mp=\dimen128
\Gm@odd@mp=\dimen129
\Gm@even@mp=\dimen130
\Gm@layoutwidth=\dimen131
\Gm@layoutheight=\dimen132
\Gm@layouthoffset=\dimen133
\Gm@layoutvoffset=\dimen134
\Gm@dimlist=\toks22

("C:\Program Files\MiKTeX 2.9\tex\latex\geometry\geometry.cfg"))
("C:\Program Files\MiKTeX 2.9\tex\latex\ltxmisc\citesort.sty"
\@minsofar=\count107
\@min=\count108
\@cite@temp=\count109
) (document.aux)
\openout1 = `document.aux'.

LaTeX Font Info:    Checking defaults for OML/cmm/m/it on input line 10.
LaTeX Font Info:    ... okay on input line 10.
LaTeX Font Info:    Checking defaults for T1/cmr/m/n on input line 10.
LaTeX Font Info:    ... okay on input line 10.
LaTeX Font Info:    Checking defaults for OT1/cmr/m/n on input line 10.
LaTeX Font Info:    ... okay on input line 10.
LaTeX Font Info:    Checking defaults for OMS/cmsy/m/n on input line 10.
LaTeX Font Info:    ... okay on input line 10.
LaTeX Font Info:    Checking defaults for OMX/cmex/m/n on input line 10.
LaTeX Font Info:    ... okay on input line 10.
LaTeX Font Info:    Checking defaults for U/cmr/m/n on input line 10.
LaTeX Font Info:    ... okay on input line 10.

("C:\Program Files\MiKTeX 2.9\tex\context\base\supp-pdf.mkii"
[Loading MPS to PDF converter (version 2006.09.02).]
\scratchcounter=\count110
\scratchdimen=\dimen135
\scratchbox=\box30
\nofMPsegments=\count111
\nofMParguments=\count112
\everyMPshowfont=\toks23
\MPscratchCnt=\count113
\MPscratchDim=\dimen136
\MPnumerator=\count114
\makeMPintoPDFobject=\count115
\everyMPtoPDFconversion=\toks24
) ("C:\Program Files\MiKTeX 2.9\tex\latex\oberdiek\epstopdf-base.sty"
Package: epstopdf-base 2016/05/15 v2.6 Base part for package epstopdf

("C:\Program Files\MiKTeX 2.9\tex\generic\oberdiek\infwarerr.sty"
Package: infwarerr 2016/05/16 v1.4 Providing info/warning/error messages (HO)
)
("C:\Program Files\MiKTeX 2.9\tex\latex\oberdiek\grfext.sty"
Package: grfext 2016/05/16 v1.2 Manage graphics extensions (HO)

("C:\Program Files\MiKTeX 2.9\tex\generic\oberdiek\kvdefinekeys.sty"
Package: kvdefinekeys 2016/05/16 v1.4 Define keys (HO)

("C:\Program Files\MiKTeX 2.9\tex\generic\oberdiek\ltxcmds.sty"
Package: ltxcmds 2016/05/16 v1.23 LaTeX kernel commands for general use (HO)
)))
("C:\Program Files\MiKTeX 2.9\tex\latex\oberdiek\kvoptions.sty"
Package: kvoptions 2016/05/16 v3.12 Key value format for package options (HO)

("C:\Program Files\MiKTeX 2.9\tex\generic\oberdiek\kvsetkeys.sty"
Package: kvsetkeys 2016/05/16 v1.17 Key value parser (HO)

("C:\Program Files\MiKTeX 2.9\tex\generic\oberdiek\etexcmds.sty"
Package: etexcmds 2016/05/16 v1.6 Avoid name clashes with e-TeX commands (HO)

("C:\Program Files\MiKTeX 2.9\tex\generic\oberdiek\ifluatex.sty"
Package: ifluatex 2016/05/16 v1.4 Provides the ifluatex switch (HO)
Package ifluatex Info: LuaTeX not detected.
)
Package etexcmds Info: Could not find \expanded.
(etexcmds)             That can mean that you are not using pdfTeX 1.50 or
(etexcmds)             that some package has redefined \expanded.
(etexcmds)             In the latter case, load this package earlier.
)))
("C:\Program Files\MiKTeX 2.9\tex\generic\oberdiek\pdftexcmds.sty"
Package: pdftexcmds 2017/03/19 v0.25 Utility functions of pdfTeX for LuaTeX (HO
)
Package pdftexcmds Info: LuaTeX not detected.
Package pdftexcmds Info: \pdf@primitive is available.
Package pdftexcmds Info: \pdf@ifprimitive is available.
Package pdftexcmds Info: \pdfdraftmode found.
)
Package epstopdf-base Info: Redefining graphics rule for `.eps' on input line 4
38.
Package grfext Info: Graphics extension search list:
(grfext)             [.pdf,.png,.jpg,.mps,.jpeg,.jbig2,.jb2,.PDF,.PNG,.JPG,.JPE
G,.JBIG2,.JB2,.eps]
(grfext)             \AppendGraphicsExtensions on input line 456.
)
*geometry* driver: auto-detecting
*geometry* detected driver: pdftex
*geometry* verbose mode - [ preamble ] result:
* driver: pdftex
* paper: <default>
* layout: <same size as paper>
* layoutoffset:(h,v)=(0.0pt,0.0pt)
* modes: 
* h-part:(L,W,R)=(92.14519pt, 430.00462pt, 92.14519pt)
* v-part:(T,H,B)=(95.39737pt, 556.47656pt, 143.09605pt)
* \paperwidth=614.295pt
* \paperheight=794.96999pt
* \textwidth=430.00462pt
* \textheight=556.47656pt
* \oddsidemargin=19.8752pt
* \evensidemargin=19.8752pt
* \topmargin=-13.87262pt
* \headheight=12.0pt
* \headsep=25.0pt
* \topskip=10.0pt
* \footskip=30.0pt
* \marginparwidth=65.0pt
* \marginparsep=11.0pt
* \columnsep=10.0pt
* \skip\footins=9.0pt plus 4.0pt minus 2.0pt
* \hoffset=0.0pt
* \voffset=0.0pt
* \mag=1000
* \@twocolumnfalse
* \@twosidefalse
* \@mparswitchfalse
* \@reversemarginfalse
* (1in=72.27pt=25.4mm, 1cm=28.453pt)

! You can't use `macro parameter character #' in vertical mode.
l.57 #
      ËΩ®ÈÅìÂèÇÊï∞e, p, $\iota$
Sorry, but I'm not programmed to handle this case;
I'll just pretend that you didn't ask for it.
If you're in the wrong mode, you might be able to
return to the right one by typing `I}' or `I$' or `I\par'.

Missing character: There is no Ë in font cmr10!
Missing character: There is no Ω in font cmr10!
Missing character: There is no ® in font cmr10!
Missing character: There is no È in font cmr10!
Missing character: There is no Å in font cmr10!
Missing character: There is no ì in font cmr10!
Missing character: There is no Â in font cmr10!
Missing character: There is no è in font cmr10!
Missing character: There is no Ç in font cmr10!
Missing character: There is no Ê in font cmr10!
Missing character: There is no ï in font cmr10!
Missing character: There is no ∞ in font cmr10!
[1

{C:/Users/HP/AppData/Local/MiKTeX/2.9/pdftex/config/pdftex.map}]
<krz_kerr_wave.png, id=11, 1187.43625pt x 334.24875pt>
File: krz_kerr_wave.png Graphic file (type png)
<use krz_kerr_wave.png>
Package pdftex.def Info: krz_kerr_wave.png  used on input line 70. on input lin
e 70.
Package pdftex.def Info: Requested size: 455.24408pt x 128.14809pt on input lin
e 70.

Overfull \hbox (25.23946pt too wide) in paragraph at lines 70--71
 [][] 
 []

[2 <./krz_kerr_wave.png>]

LaTeX Warning: No positions in optional float specifier.
               Default added (so using `tbp') on input line 78.

<OLdist.png, id=18, 1111.90407pt x 529.22719pt>
File: OLdist.png Graphic file (type png)
<use OLdist.png>
Package pdftex.def Info: OLdist.png  used on input line 80. on input line 80.
Package pdftex.def Info: Requested size: 227.62204pt x 108.33884pt on input lin
e 80.
<OLdist2.png, id=19, 1111.90407pt x 529.22719pt>
File: OLdist2.png Graphic file (type png)
<use OLdist2.png>
Package pdftex.def Info: OLdist2.png  used on input line 81. on input line 81.
Package pdftex.def Info: Requested size: 227.62204pt x 108.33884pt on input lin
e 81.
<ep_best_dist.png, id=20, 789.70032pt x 502.87875pt>
File: ep_best_dist.png Graphic file (type png)
<use ep_best_dist.png>
Package pdftex.def Info: ep_best_dist.png  used on input line 91. on input line
 91.
Package pdftex.def Info: Requested size: 227.62204pt x 144.94867pt on input lin
e 91.
<FF_am.png, id=21, 433.62pt x 289.08pt>
File: FF_am.png Graphic file (type png)
<use FF_am.png>
Package pdftex.def Info: FF_am.png  used on input line 99. on input line 99.
Package pdftex.def Info: Requested size: 227.62204pt x 151.74721pt on input lin
e 99.
<d1_spin_linear.png, id=22, 867.24pt x 578.16pt>
File: d1_spin_linear.png Graphic file (type png)
<use d1_spin_linear.png>
Package pdftex.def Info: d1_spin_linear.png  used on input line 109. on input l
ine 109.
Package pdftex.def Info: Requested size: 227.62204pt x 151.74721pt on input lin
e 109.
<d2_spin_linear.png, id=23, 867.24pt x 578.16pt>
File: d2_spin_linear.png Graphic file (type png)
<use d2_spin_linear.png>
Package pdftex.def Info: d2_spin_linear.png  used on input line 110. on input l
ine 110.
Package pdftex.def Info: Requested size: 199.16928pt x 132.7799pt on input line
 110.
File: d2_spin_linear.png Graphic file (type png)
<use d2_spin_linear.png>
Package pdftex.def Info: d2_spin_linear.png  used on input line 111. on input l
ine 111.
Package pdftex.def Info: Requested size: 199.16928pt x 132.7799pt on input line
 111.
<d2_deltaspin_ep.png, id=24, 867.24pt x 578.16pt>
File: d2_deltaspin_ep.png Graphic file (type png)
<use d2_deltaspin_ep.png>
Package pdftex.def Info: d2_deltaspin_ep.png  used on input line 118. on input 
line 118.
Package pdftex.def Info: Requested size: 227.62204pt x 151.74721pt on input lin
e 118.
[3 <./OLdist.png (PNG copy)> <./OLdist2.png (PNG copy)>]
<2D_bound.png, id=28, 578.16pt x 433.62pt>
File: 2D_bound.png Graphic file (type png)
<use 2D_bound.png>
Package pdftex.def Info: 2D_bound.png  used on input line 128. on input line 12
8.
Package pdftex.def Info: Requested size: 227.62204pt x 170.71231pt on input lin
e 128.
<2D_bound_d2.png, id=29, 578.16pt x 433.62pt>
File: 2D_bound_d2.png Graphic file (type png)
<use 2D_bound_d2.png>
Package pdftex.def Info: 2D_bound_d2.png  used on input line 129. on input line
 129.
Package pdftex.def Info: Requested size: 227.62204pt x 170.71231pt on input lin
e 129.
 [4 <./ep_best_dist.png (PNG copy)> <./FF_am.png>]
<r3d.png, id=34, 722.7pt x 361.35pt>
File: r3d.png Graphic file (type png)
<use r3d.png>
Package pdftex.def Info: r3d.png  used on input line 143. on input line 143.
Package pdftex.def Info: Requested size: 199.16928pt x 99.58383pt on input line
 143.
<th3d.png, id=35, 722.7pt x 361.35pt>
File: th3d.png Graphic file (type png)
<use th3d.png>
Package pdftex.def Info: th3d.png  used on input line 144. on input line 144.
Package pdftex.def Info: Requested size: 199.16928pt x 99.58383pt on input line
 144.
<trace3d.png, id=36, 1084.05pt x 1084.05pt>
File: trace3d.png Graphic file (type png)
<use trace3d.png>
Package pdftex.def Info: trace3d.png  used on input line 145. on input line 145
.
Package pdftex.def Info: Requested size: 199.16928pt x 199.15665pt on input lin
e 145.
<tracexy.png, id=37, 722.7pt x 722.7pt>
File: tracexy.png Graphic file (type png)
<use tracexy.png>
Package pdftex.def Info: tracexy.png  used on input line 146. on input line 146
.
Package pdftex.def Info: Requested size: 199.16928pt x 199.16766pt on input lin
e 146.
<wave_d102.png, id=38, 1445.4pt x 361.35pt>
File: wave_d102.png Graphic file (type png)
<use wave_d102.png>
Package pdftex.def Info: wave_d102.png  used on input line 147. on input line 1
47.
Package pdftex.def Info: Requested size: 398.33858pt x 99.58383pt on input line
 147.
<3D_bound.png, id=39, 578.16pt x 433.62pt>
File: 3D_bound.png Graphic file (type png)
<use 3D_bound.png>
Package pdftex.def Info: 3D_bound.png  used on input line 157. on input line 15
7.
Package pdftex.def Info: Requested size: 227.62204pt x 170.71231pt on input lin
e 157.
 [5 <./d1_spin_linear.png> <./d2_spin_linear.png>]
(document.bbl [6 <./d2_deltaspin_ep.png>] [7 <./2D_bound.png> <./2D_bound_d2.pn
g>] [8 <./r3d.png> <./th3d.png> <./trace3d.png> <./tracexy.png> <./wave_d102.pn
g>]) [9 <./3D_bound.png>] (document.aux)

LaTeX Warning: Label(s) may have changed. Rerun to get cross-references right.

 ) 
Here is how much of TeX's memory you used:
 2876 strings out of 493312
 39346 string characters out of 3138908
 111169 words of memory out of 3000000
 6375 multiletter control sequences out of 15000+200000
 5650 words of font info for 21 fonts, out of 3000000 for 9000
 1141 hyphenation exceptions out of 8191
 41i,5n,43p,1047b,223s stack positions out of 5000i,500n,10000p,200000b,50000s
<C:/Program Files/MiKTeX 2.9/fonts/type1/public/amsfonts/cm/cmbx12.pfb><C:/Pr
ogram Files/MiKTeX 2.9/fonts/type1/public/amsfonts/cm/cmmi10.pfb><C:/Program Fi
les/MiKTeX 2.9/fonts/type1/public/amsfonts/cm/cmmi7.pfb><C:/Program Files/MiKTe
X 2.9/fonts/type1/public/amsfonts/cm/cmr10.pfb><C:/Program Files/MiKTeX 2.9/fon
ts/type1/public/amsfonts/cm/cmr7.pfb><C:/Program Files/MiKTeX 2.9/fonts/type1/p
ublic/amsfonts/cm/cmsy10.pfb><C:/Program Files/MiKTeX 2.9/fonts/type1/public/am
sfonts/cm/cmsy7.pfb><C:/Program Files/MiKTeX 2.9/fonts/type1/public/amsfonts/cm
/cmti10.pfb>
Output written on document.pdf (9 pages, 4425708 bytes).
PDF statistics:
 94 PDF objects out of 1000 (max. 8388607)
 0 named destinations out of 1000 (max. 500000)
 81 words of extra memory for PDF output out of 10000 (max. 10000000)

